<?xml version="1.0" encoding="UTF-8" ?>
<testsuite tests="6" failures="6" name="org.example.testing.calculatorTest" time="0.03" errors="0" skipped="0">
  <properties>
[...]
</properties>
  <testcase classname="org.example.testing.calculatorTest" name="org.example.testing.calculatorTest.testAdd" time="0.002">
    <failure type="java.lang.NullPointerException">java.lang.NullPointerException
	at org.example.testing.calculatorTest.testAdd(calculatorTest.java:21)
</failure>
  </testcase>
  <testcase classname="org.example.testing.calculatorTest" name="org.example.testing.calculatorTest.testSubtract" time="0">
    <failure type="java.lang.NullPointerException">java.lang.NullPointerException
	at org.example.testing.calculatorTest.testSubtract(calculatorTest.java:28)
</failure>
  </testcase>
  <testcase classname="org.example.testing.calculatorTest" name="org.example.testing.calculatorTest.testMultiply" time="0">
    <failure type="java.lang.NullPointerException">java.lang.NullPointerException
	at org.example.testing.calculatorTest.testMultiply(calculatorTest.java:35)
</failure>
  </testcase>
  <testcase classname="org.example.testing.calculatorTest" name="org.example.testing.calculatorTest.testDivide" time="0">
    <failure type="java.lang.NullPointerException">java.lang.NullPointerException
	at org.example.testing.calculatorTest.testDivide(calculatorTest.java:42)
</failure>
  </testcase>
  <testcase classname="org.example.testing.calculatorTest" name="org.example.testing.calculatorTest.testDivideByZero" time="0.024">
    <failure message="Dividing by zero should throw an ArithmeticException ==&gt; Unexpected exception type thrown ==&gt; expected: &lt;java.lang.ArithmeticException&gt; but was: &lt;java.lang.NullPointerException&gt;" type="org.opentest4j.AssertionFailedError">org.opentest4j.AssertionFailedError: Dividing by zero should throw an ArithmeticException ==&gt; Unexpected exception type thrown ==&gt; expected: &lt;java.lang.ArithmeticException&gt; but was: &lt;java.lang.NullPointerException&gt;
	at org.junit.jupiter.api.AssertThrows.assertThrows(AssertThrows.java:65)
	at org.junit.jupiter.api.AssertThrows.assertThrows(AssertThrows.java:41)
	at org.junit.jupiter.api.Assertions.assertThrows(Assertions.java:3098)
	at org.example.testing.calculatorTest.testDivideByZero(calculatorTest.java:49)
Caused by: java.lang.NullPointerException
	at org.example.testing.calculatorTest.lambda$testDivideByZero$0(calculatorTest.java:49)
	at org.junit.jupiter.api.AssertThrows.assertThrows(AssertThrows.java:55)
	... 21 more
</failure>
  </testcase>
  <testcase classname="org.example.testing.calculatorTest" name="org.example.testing.calculatorTest.testResultType" time="0.004">
    <failure type="java.lang.NullPointerException">java.lang.NullPointerException
	at org.example.testing.calculatorTest.testResultType(calculatorTest.java:55)
</failure>
  </testcase>
</testsuite>